<?xml version="1.0" encoding="UTF-8"?>
<!-- Generated by org.testng.reporters.JUnitReportReporter -->
<testsuite skipped="0" hostname="DESKTOP-6JRJISJ" name="com.testing.Sample1" tests="1" failures="0" timestamp="14 Sep 2021 10:28:50 GMT" time="21.032" errors="0">
  <testcase name="testdata1" time="21.032" classname="com.testing.Sample1"/>
</testsuite> <!-- com.testing.Sample1 -->
